<?xml version="1.0" encoding="UTF-8"?>
<!-- Generated by org.testng.reporters.JUnitReportReporter -->
<testsuite skipped="0" hostname="LAPTOP-A8332NNU" name="com.Naveen.JenkinsDemo.JenkinsGit" tests="1" failures="0" timestamp="02 Jul 2018 06:56:38 GMT" time="0.014" errors="0">
  <testcase name="demo" time="0.014" classname="com.Naveen.JenkinsDemo.JenkinsGit"/>
</testsuite> <!-- com.Naveen.JenkinsDemo.JenkinsGit -->
